  Compiling CUDA source file kernel.cu...
  
  C:\Users\savan\OneDrive\Desktop\programming\535hw\project\PerlinNoise>"C:\Program Files\NVIDIA GPU Computing Toolkit\CUDA\v12.3\bin\nvcc.exe" -gencode=arch=compute_52,code=\"sm_52,compute_52\" --use-local-env -ccbin "C:\Program Files\Microsoft Visual Studio\2022\Community\VC\Tools\MSVC\14.38.33130\bin\HostX64\x64" -x cu   -I"C:\Program Files\NVIDIA GPU Computing Toolkit\CUDA\v12.3\include" -I"C:\Program Files\NVIDIA GPU Computing Toolkit\CUDA\v12.3\include"  -G   --keep-dir x64\Debug  -maxrregcount=0   --machine 64 --compile -cudart static  -g  -DWIN32 -DWIN64 -D_DEBUG -D_CONSOLE -D_MBCS -Xcompiler "/EHsc /W3 /nologo /Od /FS /Zi /RTC1 /MDd " -Xcompiler "/Fdx64\Debug\vc143.pdb" -o C:\Users\savan\OneDrive\Desktop\programming\535hw\project\PerlinNoise\x64\Debug\kernel.cu.obj "C:\Users\savan\OneDrive\Desktop\programming\535hw\project\PerlinNoise\kernel.cu" 
C:\Users\savan\OneDrive\Desktop\programming\535hw\project\PerlinNoise\kernel.cu(53): warning #62-D: shift count is negative
            int bin = ((j & (1 << (- 1))) >> (- 1));
                                  ^
  
  Remark: The warnings can be suppressed with "-diag-suppress <warning-number>"
  
C:\Users\savan\OneDrive\Desktop\programming\535hw\project\PerlinNoise\kernel.cu(53): warning #62-D: shift count is negative
            int bin = ((j & (1 << (- 1))) >> (- 1));
                                             ^
  
C:\Users\savan\OneDrive\Desktop\programming\535hw\project\PerlinNoise\kernel.cu(53): warning #62-D: shift count is negative
            int bin = ((j & (1 << (- 1))) >> (- 1));
                                  ^
  
  Remark: The warnings can be suppressed with "-diag-suppress <warning-number>"
  
C:\Users\savan\OneDrive\Desktop\programming\535hw\project\PerlinNoise\kernel.cu(53): warning #62-D: shift count is negative
            int bin = ((j & (1 << (- 1))) >> (- 1));
                                             ^
  
C:\Users\savan\OneDrive\Desktop\programming\535hw\project\PerlinNoise\kernel.cu(25): warning #177-D: variable "idx" was declared but never referenced
        int idx = 0; 
            ^
  
  kernel.cu
  tmpxft_000074f8_00000000-7_kernel.cudafe1.cpp
C:\Users\savan\OneDrive\Desktop\programming\535hw\project\PerlinNoise\kernel.cu(107): warning C4244: 'initializing': conversion from 'double' to 'int', possible loss of data
C:\Users\savan\OneDrive\Desktop\programming\535hw\project\PerlinNoise\kernel.cu(107): warning C4244: 'initializing': conversion from 'double' to 'const int', possible loss of data
  PerlinNoise.vcxproj -> C:\Users\savan\OneDrive\Desktop\programming\535hw\project\PerlinNoise\x64\Debug\PerlinNoise.exe
